<?xml version="1.0" encoding="UTF-8"?>
<!-- Generated by org.testng.reporters.JUnitReportReporter -->
<testsuite hostname="BILLA" failures="0" tests="3" name="testngdemo.AnnotationDemo" time="0.008" errors="0" timestamp="2024-07-31T21:39:15 IST" skipped="0">
  <testcase classname="testngdemo.AnnotationDemo" name="logintest" time="0.004"/>
  <system-out/>
  <testcase classname="testngdemo.AnnotationDemo" name="logouttest" time="0.002"/>
  <system-out/>
  <testcase classname="testngdemo.AnnotationDemo" name="registertest" time="0.002"/>
  <system-out/>
</testsuite> <!-- testngdemo.AnnotationDemo -->
