<?xml version="1.0" encoding="UTF-8"?>
<!-- Generated by org.testng.reporters.JUnitReportReporter -->
<testsuite hostname="BILLA" failures="0" tests="3" name="pageObjectModel.TestCases.LoginTest_Page" time="2.262" errors="0" timestamp="2024-08-01T17:16:57 IST" skipped="0">
  <testcase classname="pageObjectModel.TestCases.LoginTest_Page" name="verifyUrl" time="0.013"/>
  <system-out/>
  <testcase classname="pageObjectModel.TestCases.LoginTest_Page" name="verifyTitle" time="0.011"/>
  <system-out/>
  <testcase classname="pageObjectModel.TestCases.LoginTest_Page" name="verifyLogin" time="2.238"/>
  <system-out/>
</testsuite> <!-- pageObjectModel.TestCases.LoginTest_Page -->
