<?xml version="1.0" encoding="UTF-8"?>
<!-- Generated by org.testng.reporters.JUnitReportReporter -->
<testsuite hostname="BILLA" failures="0" tests="1" name="testngdemo.AssertionInTestNG" time="0.011" errors="0" timestamp="2024-08-01T09:18:08 IST" skipped="0">
  <testcase classname="testngdemo.AssertionInTestNG" name="HardAssertion" time="0.011"/>
  <system-out/>
</testsuite> <!-- testngdemo.AssertionInTestNG -->
