<?xml version="1.0" encoding="UTF-8"?>
<!-- Generated by org.testng.reporters.JUnitReportReporter -->
<testsuite hostname="BILLA" failures="0" tests="5" name="testngdemo.testdemo1" time="0.013" errors="0" timestamp="2024-07-30T10:36:49 IST" skipped="0">
  <testcase classname="testngdemo.testdemo1" name="testcase2" time="0.002"/>
  <system-out/>
  <testcase classname="testngdemo.testdemo1" name="testcase4" time="0.001"/>
  <system-out/>
  <testcase classname="testngdemo.testdemo1" name="testcase1" time="0.008"/>
  <system-out/>
  <testcase classname="testngdemo.testdemo1" name="testcase5" time="0.001"/>
  <system-out/>
  <testcase classname="testngdemo.testdemo1" name="testcase3" time="0.001"/>
  <system-out/>
</testsuite> <!-- testngdemo.testdemo1 -->
