<?xml version="1.0" encoding="UTF-8"?>
<!-- Generated by org.testng.reporters.JUnitReportReporter -->
<testsuite hostname="BILLA" failures="0" tests="3" name="testngdemo.testdemo2" time="34.607" errors="0" timestamp="2024-07-30T10:46:24 IST" skipped="0">
  <testcase classname="testngdemo.testdemo2" name="chrometest" time="4.454"/>
  <system-out/>
  <testcase classname="testngdemo.testdemo2" name="firefoxtest" time="26.086"/>
  <system-out/>
  <testcase classname="testngdemo.testdemo2" name="edgetest" time="4.067"/>
  <system-out/>
</testsuite> <!-- testngdemo.testdemo2 -->
